D:\DATA\GOOGLE DRIVE\FOOLING HD3D\OVERLAY DRIVER\PROXY DLL\PROXYDLL_9\DEBUG\D3D9.PCH
D:\DATA\GOOGLE DRIVE\FOOLING HD3D\OVERLAY DRIVER\PROXY DLL\PROXYDLL_9\DEBUG\STDAFX.OBJ
D:\DATA\GOOGLE DRIVE\FOOLING HD3D\OVERLAY DRIVER\PROXY DLL\PROXYDLL_9\DEBUG\VC110.PDB
D:\DATA\GOOGLE DRIVE\FOOLING HD3D\OVERLAY DRIVER\PROXY DLL\PROXYDLL_9\DEBUG\MYIDIRECT3D9.OBJ
D:\DATA\GOOGLE DRIVE\FOOLING HD3D\OVERLAY DRIVER\PROXY DLL\PROXYDLL_9\DEBUG\MYIDIRECT3DDEVICE9.OBJ
D:\DATA\GOOGLE DRIVE\FOOLING HD3D\OVERLAY DRIVER\PROXY DLL\PROXYDLL_9\DEBUG\PROXYDLL.OBJ
D:\DATA\GOOGLE DRIVE\FOOLING HD3D\OVERLAY DRIVER\PROXY DLL\PROXYDLL_9\DEBUG\D3D9.ILK
D:\DATA\GOOGLE DRIVE\FOOLING HD3D\OVERLAY DRIVER\PROXY DLL\PROXYDLL_9\DEBUG\D3D9.DLL
D:\DATA\GOOGLE DRIVE\FOOLING HD3D\OVERLAY DRIVER\PROXY DLL\PROXYDLL_9\DEBUG\PROXYDLL.PDB
D:\Data\Google Drive\Fooling HD3D\Overlay driver\Proxy DLL\proxydll_9\Debug\proxydll.lib
D:\Data\Google Drive\Fooling HD3D\Overlay driver\Proxy DLL\proxydll_9\Debug\proxydll.exp
D:\Data\Google Drive\Fooling HD3D\Overlay driver\Proxy DLL\proxydll_9\Debug\myIDirect3D9.obj
D:\Data\Google Drive\Fooling HD3D\Overlay driver\Proxy DLL\proxydll_9\Debug\myIDirect3DDevice9.obj
D:\Data\Google Drive\Fooling HD3D\Overlay driver\Proxy DLL\proxydll_9\Debug\proxydll.obj
D:\Data\Google Drive\Fooling HD3D\Overlay driver\Proxy DLL\proxydll_9\Debug\stdafx.obj
D:\Data\Google Drive\Fooling HD3D\Overlay driver\Proxy DLL\proxydll_9\Debug\d3d9.ilk
D:\Data\Google Drive\Fooling HD3D\Overlay driver\Proxy DLL\proxydll_9\Debug\cl.command.1.tlog
D:\Data\Google Drive\Fooling HD3D\Overlay driver\Proxy DLL\proxydll_9\Debug\CL.read.1.tlog
D:\Data\Google Drive\Fooling HD3D\Overlay driver\Proxy DLL\proxydll_9\Debug\CL.write.1.tlog
D:\Data\Google Drive\Fooling HD3D\Overlay driver\Proxy DLL\proxydll_9\Debug\link-cvtres.read.1.tlog
D:\Data\Google Drive\Fooling HD3D\Overlay driver\Proxy DLL\proxydll_9\Debug\link-cvtres.write.1.tlog
D:\Data\Google Drive\Fooling HD3D\Overlay driver\Proxy DLL\proxydll_9\Debug\link-rc.read.1.tlog
D:\Data\Google Drive\Fooling HD3D\Overlay driver\Proxy DLL\proxydll_9\Debug\link-rc.write.1.tlog
D:\Data\Google Drive\Fooling HD3D\Overlay driver\Proxy DLL\proxydll_9\Debug\link.command.1.tlog
D:\Data\Google Drive\Fooling HD3D\Overlay driver\Proxy DLL\proxydll_9\Debug\link.read.1.tlog
D:\Data\Google Drive\Fooling HD3D\Overlay driver\Proxy DLL\proxydll_9\Debug\link.write.1.tlog
D:\Data\Google Drive\Fooling HD3D\Overlay driver\Proxy DLL\proxydll_9\Debug\proxydll.write.1.tlog
D:\Data\Google Drive\Fooling HD3D\Overlay driver\Proxy DLL\proxydll_9\Debug\d3d9.pch
D:\Data\Google Drive\Fooling HD3D\Overlay driver\Proxy DLL\proxydll_9\Debug\vc110.idb
D:\Data\Google Drive\Fooling HD3D\Overlay driver\Proxy DLL\proxydll_9\Debug\proxydll.pdb
D:\Data\Google Drive\Fooling HD3D\Overlay driver\Proxy DLL\proxydll_9\Debug\vc110.pdb
D:\Data\Google Drive\Fooling HD3D\Overlay driver\Proxy DLL\proxydll_9\Debug\d3d9.dll
